<?xml version="1.0" encoding="UTF-8" ?>
<testsuite failures="0" time="0.016" errors="0" skipped="0" tests="2" name="com.badbuxtour.test.datastore.LocalDatastoreTest">
  <properties>
    <property name="java.runtime.name" value="Java(TM) SE Runtime Environment"/>
    <property name="sun.boot.library.path" value="C:\Program Files\Java\jdk1.6.0_11\jre\bin"/>
    <property name="java.vm.version" value="11.0-b16"/>
    <property name="java.vm.vendor" value="Sun Microsystems Inc."/>
    <property name="java.vendor.url" value="http://java.sun.com/"/>
    <property name="path.separator" value=";"/>
    <property name="java.vm.name" value="Java HotSpot(TM) Client VM"/>
    <property name="file.encoding.pkg" value="sun.io"/>
    <property name="user.country" value="FR"/>
    <property name="sun.java.launcher" value="SUN_STANDARD"/>
    <property name="sun.os.patch.level" value="Service Pack 3"/>
    <property name="java.vm.specification.name" value="Java Virtual Machine Specification"/>
    <property name="user.dir" value="E:\weclipse\WicketGAE"/>
    <property name="java.runtime.version" value="1.6.0_11-b03"/>
    <property name="java.awt.graphicsenv" value="sun.awt.Win32GraphicsEnvironment"/>
    <property name="basedir" value="E:\weclipse\WicketGAE"/>
    <property name="java.endorsed.dirs" value="C:\Program Files\Java\jdk1.6.0_11\jre\lib\endorsed"/>
    <property name="os.arch" value="x86"/>
    <property name="surefire.real.class.path" value="C:\DOCUME~1\eeugene\LOCALS~1\Temp\surefirebooter3527878624890362071.jar"/>
    <property name="java.io.tmpdir" value="C:\DOCUME~1\eeugene\LOCALS~1\Temp\"/>
    <property name="line.separator" value="
"/>
    <property name="java.vm.specification.vendor" value="Sun Microsystems Inc."/>
    <property name="user.variant" value=""/>
    <property name="os.name" value="Windows XP"/>
    <property name="sun.jnu.encoding" value="Cp1252"/>
    <property name="java.library.path" value="C:\Program Files\Java\jdk1.6.0_11\jre\bin;.;C:\WINDOWS\Sun\Java\bin;C:\WINDOWS\system32;C:\WINDOWS;C:\Oracle\11.1.0\bin;C:\WINDOWS\system32;C:\WINDOWS;C:\WINDOWS\System32\Wbem;C:\Program Files\Intel\DMIX;c:\Program Files\Intel\WiFi\bin\;C:\Program Files\NTRU Cryptosystems\NTRU TCG Software Stack\bin\;C:\Program Files\Wave Systems Corp\Gemalto\Access Client\v5\;c:\Program Files\Fichiers communs\Roxio Shared\DLLShared\;c:\Program Files\Fichiers communs\Roxio Shared\10.0\DLLShared\;C:\Program Files\TortoiseSVN\bin;E:\MySQL\MySQL Server 5.1\bin;C:\apache-ant-1.7.0\bin;C:\apache-maven-2.2.1\bin;C:\svn-win32-1.6.5\bin;C:\android-sdk-windows\tools;"/>
    <property name="surefire.test.class.path" value="E:\weclipse\WicketGAE\target\test-classes;E:\weclipse\WicketGAE\target\classes;C:\Documents and Settings\eeugene\.m2\repository\org\apache\wicket\wicket\1.4.6\wicket-1.4.6.jar;C:\Documents and Settings\eeugene\.m2\repository\org\slf4j\slf4j-api\1.5.8\slf4j-api-1.5.8.jar;C:\Documents and Settings\eeugene\.m2\repository\ch\qos\logback\logback-classic\0.9.18\logback-classic-0.9.18.jar;C:\Documents and Settings\eeugene\.m2\repository\ch\qos\logback\logback-core\0.9.18\logback-core-0.9.18.jar;C:\Documents and Settings\eeugene\.m2\repository\com\google\appengine\appengine-api-labs\1.3.1\appengine-api-labs-1.3.1.jar;C:\Documents and Settings\eeugene\.m2\repository\com\google\appengine\appengine-api-stubs\1.3.1\appengine-api-stubs-1.3.1.jar;C:\Documents and Settings\eeugene\.m2\repository\com\google\appengine\appengine-local-runtime\1.3.1\appengine-local-runtime-1.3.1.jar;C:\Documents and Settings\eeugene\.m2\repository\com\google\appengine\appengine-api-1.0-sdk\1.3.1\appengine-api-1.0-sdk-1.3.1.jar;C:\Documents and Settings\eeugene\.m2\repository\com\google\appengine\appengine-testing\1.3.1\appengine-testing-1.3.1.jar;C:\Documents and Settings\eeugene\.m2\repository\com\google\appengine\appengine-tools-sdk\1.3.1\appengine-tools-sdk-1.3.1.jar;C:\Documents and Settings\eeugene\.m2\repository\com\google\appengine\appengine-jsr107cache\1.3.1\appengine-jsr107cache-1.3.1.jar;C:\Documents and Settings\eeugene\.m2\repository\net\sf\jsr107cache\jsr107cache\1.1\jsr107cache-1.1.jar;C:\Documents and Settings\eeugene\.m2\repository\org\openid4java\openid4java-full\0.9.5\openid4java-full-0.9.5.jar;C:\Documents and Settings\eeugene\.m2\repository\org\openid4java\openid4java\0.9.5\openid4java-0.9.5.jar;C:\Documents and Settings\eeugene\.m2\repository\org\openid4java\openid4java-consumer\0.9.5\openid4java-consumer-0.9.5.jar;C:\Documents and Settings\eeugene\.m2\repository\org\openid4java\openid4java-nodeps\0.9.5\openid4java-nodeps-0.9.5.jar;C:\Documents and Settings\eeugene\.m2\repository\commons-logging\commons-logging\1.1.1\commons-logging-1.1.1.jar;C:\Documents and Settings\eeugene\.m2\repository\commons-httpclient\commons-httpclient\3.0.1\commons-httpclient-3.0.1.jar;C:\Documents and Settings\eeugene\.m2\repository\commons-codec\commons-codec\1.1\commons-codec-1.1.jar;C:\Documents and Settings\eeugene\.m2\repository\net\sourceforge\nekohtml\nekohtml\1.9.7\nekohtml-1.9.7.jar;C:\Documents and Settings\eeugene\.m2\repository\xerces\xercesImpl\2.8.1\xercesImpl-2.8.1.jar;C:\Documents and Settings\eeugene\.m2\repository\xml-apis\xml-apis\1.3.03\xml-apis-1.3.03.jar;C:\Documents and Settings\eeugene\.m2\repository\org\openid4java\openid4java-server\0.9.5\openid4java-server-0.9.5.jar;C:\Documents and Settings\eeugene\.m2\repository\org\openid4java\openid4java-server-JdbcServerAssociationStore\0.9.5\openid4java-server-JdbcServerAssociationStore-0.9.5.jar;C:\Documents and Settings\eeugene\.m2\repository\org\springframework\spring-jdbc\2.0.6\spring-jdbc-2.0.6.jar;C:\Documents and Settings\eeugene\.m2\repository\org\springframework\spring-beans\2.0.6\spring-beans-2.0.6.jar;C:\Documents and Settings\eeugene\.m2\repository\org\springframework\spring-core\2.0.6\spring-core-2.0.6.jar;C:\Documents and Settings\eeugene\.m2\repository\org\springframework\spring-context\2.0.6\spring-context-2.0.6.jar;C:\Documents and Settings\eeugene\.m2\repository\aopalliance\aopalliance\1.0\aopalliance-1.0.jar;C:\Documents and Settings\eeugene\.m2\repository\org\springframework\spring-dao\2.0.6\spring-dao-2.0.6.jar;C:\Documents and Settings\eeugene\.m2\repository\org\openid4java\openid4java-consumer-SampleConsumer\0.9.5\openid4java-consumer-SampleConsumer-0.9.5.jar;C:\Documents and Settings\eeugene\.m2\repository\org\openid4java\openid4java-server-SampleServer\0.9.5\openid4java-server-SampleServer-0.9.5.jar;C:\Documents and Settings\eeugene\.m2\repository\org\openid4java\openid4java-infocard\0.9.5\openid4java-infocard-0.9.5.jar;C:\Documents and Settings\eeugene\.m2\repository\org\apache\ws\commons\axiom\axiom-api\1.2.5\axiom-api-1.2.5.jar;C:\Documents and Settings\eeugene\.m2\repository\javax\mail\mail\1.4\mail-1.4.jar;C:\Documents and Settings\eeugene\.m2\repository\javax\activation\activation\1.1\activation-1.1.jar;C:\Documents and Settings\eeugene\.m2\repository\jaxen\jaxen\1.1-beta-9\jaxen-1.1-beta-9.jar;C:\Documents and Settings\eeugene\.m2\repository\stax\stax-api\1.0.1\stax-api-1.0.1.jar;C:\Documents and Settings\eeugene\.m2\repository\org\eclipse\higgins\higgins-configuration-api\SNAPSHOT\higgins-configuration-api-SNAPSHOT.jar;C:\Documents and Settings\eeugene\.m2\repository\org\eclipse\higgins\higgins-sts-api\SNAPSHOT\higgins-sts-api-SNAPSHOT.jar;C:\Documents and Settings\eeugene\.m2\repository\org\eclipse\higgins\higgins-sts-common\SNAPSHOT\higgins-sts-common-SNAPSHOT.jar;C:\Documents and Settings\eeugene\.m2\repository\xml-security\xmlsec\1.3.0\xmlsec-1.3.0.jar;C:\Documents and Settings\eeugene\.m2\repository\org\eclipse\higgins\higgins-sts-server-token-handler\SNAPSHOT\higgins-sts-server-token-handler-SNAPSHOT.jar;C:\Documents and Settings\eeugene\.m2\repository\org\eclipse\higgins\higgins-sts-spi\SNAPSHOT\higgins-sts-spi-SNAPSHOT.jar;C:\Documents and Settings\eeugene\.m2\repository\org\openid4java\openid4java-xri\0.9.5\openid4java-xri-0.9.5.jar;C:\Documents and Settings\eeugene\.m2\repository\org\openxri\openxri-syntax\1.2.0\openxri-syntax-1.2.0.jar;C:\Documents and Settings\eeugene\.m2\repository\com\ibm\icu\icu4j\3.4.4\icu4j-3.4.4.jar;C:\Documents and Settings\eeugene\.m2\repository\org\slf4j\slf4j-jcl\1.0.1\slf4j-jcl-1.0.1.jar;C:\Documents and Settings\eeugene\.m2\repository\org\openxri\openxri-client\1.2.0\openxri-client-1.2.0.jar;C:\Documents and Settings\eeugene\.m2\repository\jug\jug\1.1.2\jug-1.1.2.jar;C:\Documents and Settings\eeugene\.m2\repository\xalan\xalan\2.7.0\xalan-2.7.0.jar;C:\Documents and Settings\eeugene\.m2\repository\joda-time\joda-time\1.6\joda-time-1.6.jar;C:\Documents and Settings\eeugene\.m2\repository\org\slf4j\slf4j-log4j12\1.5.10\slf4j-log4j12-1.5.10.jar;C:\Documents and Settings\eeugene\.m2\repository\log4j\log4j\1.2.14\log4j-1.2.14.jar;C:\Documents and Settings\eeugene\.m2\repository\org\jasypt\jasypt\1.3.1\jasypt-1.3.1.jar;C:\Documents and Settings\eeugene\.m2\repository\commons-lang\commons-lang\2.1\commons-lang-2.1.jar;C:\Documents and Settings\eeugene\.m2\repository\org\datanucleus\datanucleus-jpa\1.1.5\datanucleus-jpa-1.1.5.jar;C:\Documents and Settings\eeugene\.m2\repository\org\apache\geronimo\specs\geronimo-jpa_3.0_spec\1.1.1\geronimo-jpa_3.0_spec-1.1.1.jar;C:\Documents and Settings\eeugene\.m2\repository\org\apache\wicket\wicket-extensions\1.4.0\wicket-extensions-1.4.0.jar;C:\Documents and Settings\eeugene\.m2\repository\org\datanucleus\datanucleus-core\1.1.5\datanucleus-core-1.1.5.jar;C:\Documents and Settings\eeugene\.m2\repository\javax\transaction\transaction-api\1.1\transaction-api-1.1.jar;C:\Documents and Settings\eeugene\.m2\repository\javax\jdo\jdo2-api\2.3-eb\jdo2-api-2.3-eb.jar;C:\Documents and Settings\eeugene\.m2\repository\com\google\appengine\orm\datanucleus-appengine\1.0.5\datanucleus-appengine-1.0.5.jar;C:\Documents and Settings\eeugene\.m2\repository\org\apache\geronimo\specs\geronimo-jta_1.1_spec\1.1.1\geronimo-jta_1.1_spec-1.1.1.jar;C:\Documents and Settings\eeugene\.m2\repository\asm\asm\3.1\asm-3.1.jar;C:\Documents and Settings\eeugene\.m2\repository\org\datanucleus\datanucleus-enhancer\1.1.4\datanucleus-enhancer-1.1.4.jar;C:\Documents and Settings\eeugene\.m2\repository\org\apache\wicket\wicket-datetime\1.4.7\wicket-datetime-1.4.7.jar;C:\Documents and Settings\eeugene\.m2\repository\org\apache\geronimo\specs\geronimo-jpa_3.0_spec\1.1.1\geronimo-jpa_3.0_spec-1.1.1-sources.jar;C:\Documents and Settings\eeugene\.m2\repository\junit\junit\4.8.1\junit-4.8.1.jar;"/>
    <property name="java.specification.name" value="Java Platform API Specification"/>
    <property name="java.class.version" value="50.0"/>
    <property name="sun.management.compiler" value="HotSpot Client Compiler"/>
    <property name="os.version" value="5.1"/>
    <property name="user.home" value="C:\Documents and Settings\eeugene"/>
    <property name="user.timezone" value="Europe/Paris"/>
    <property name="java.awt.printerjob" value="sun.awt.windows.WPrinterJob"/>
    <property name="java.specification.version" value="1.6"/>
    <property name="file.encoding" value="Cp1252"/>
    <property name="user.name" value="eeugene"/>
    <property name="java.class.path" value="E:\weclipse\WicketGAE\target\test-classes;E:\weclipse\WicketGAE\target\classes;C:\Documents and Settings\eeugene\.m2\repository\org\apache\wicket\wicket\1.4.6\wicket-1.4.6.jar;C:\Documents and Settings\eeugene\.m2\repository\org\slf4j\slf4j-api\1.5.8\slf4j-api-1.5.8.jar;C:\Documents and Settings\eeugene\.m2\repository\ch\qos\logback\logback-classic\0.9.18\logback-classic-0.9.18.jar;C:\Documents and Settings\eeugene\.m2\repository\ch\qos\logback\logback-core\0.9.18\logback-core-0.9.18.jar;C:\Documents and Settings\eeugene\.m2\repository\com\google\appengine\appengine-api-labs\1.3.1\appengine-api-labs-1.3.1.jar;C:\Documents and Settings\eeugene\.m2\repository\com\google\appengine\appengine-api-stubs\1.3.1\appengine-api-stubs-1.3.1.jar;C:\Documents and Settings\eeugene\.m2\repository\com\google\appengine\appengine-local-runtime\1.3.1\appengine-local-runtime-1.3.1.jar;C:\Documents and Settings\eeugene\.m2\repository\com\google\appengine\appengine-api-1.0-sdk\1.3.1\appengine-api-1.0-sdk-1.3.1.jar;C:\Documents and Settings\eeugene\.m2\repository\com\google\appengine\appengine-testing\1.3.1\appengine-testing-1.3.1.jar;C:\Documents and Settings\eeugene\.m2\repository\com\google\appengine\appengine-tools-sdk\1.3.1\appengine-tools-sdk-1.3.1.jar;C:\Documents and Settings\eeugene\.m2\repository\com\google\appengine\appengine-jsr107cache\1.3.1\appengine-jsr107cache-1.3.1.jar;C:\Documents and Settings\eeugene\.m2\repository\net\sf\jsr107cache\jsr107cache\1.1\jsr107cache-1.1.jar;C:\Documents and Settings\eeugene\.m2\repository\org\openid4java\openid4java-full\0.9.5\openid4java-full-0.9.5.jar;C:\Documents and Settings\eeugene\.m2\repository\org\openid4java\openid4java\0.9.5\openid4java-0.9.5.jar;C:\Documents and Settings\eeugene\.m2\repository\org\openid4java\openid4java-consumer\0.9.5\openid4java-consumer-0.9.5.jar;C:\Documents and Settings\eeugene\.m2\repository\org\openid4java\openid4java-nodeps\0.9.5\openid4java-nodeps-0.9.5.jar;C:\Documents and Settings\eeugene\.m2\repository\commons-logging\commons-logging\1.1.1\commons-logging-1.1.1.jar;C:\Documents and Settings\eeugene\.m2\repository\commons-httpclient\commons-httpclient\3.0.1\commons-httpclient-3.0.1.jar;C:\Documents and Settings\eeugene\.m2\repository\commons-codec\commons-codec\1.1\commons-codec-1.1.jar;C:\Documents and Settings\eeugene\.m2\repository\net\sourceforge\nekohtml\nekohtml\1.9.7\nekohtml-1.9.7.jar;C:\Documents and Settings\eeugene\.m2\repository\xerces\xercesImpl\2.8.1\xercesImpl-2.8.1.jar;C:\Documents and Settings\eeugene\.m2\repository\xml-apis\xml-apis\1.3.03\xml-apis-1.3.03.jar;C:\Documents and Settings\eeugene\.m2\repository\org\openid4java\openid4java-server\0.9.5\openid4java-server-0.9.5.jar;C:\Documents and Settings\eeugene\.m2\repository\org\openid4java\openid4java-server-JdbcServerAssociationStore\0.9.5\openid4java-server-JdbcServerAssociationStore-0.9.5.jar;C:\Documents and Settings\eeugene\.m2\repository\org\springframework\spring-jdbc\2.0.6\spring-jdbc-2.0.6.jar;C:\Documents and Settings\eeugene\.m2\repository\org\springframework\spring-beans\2.0.6\spring-beans-2.0.6.jar;C:\Documents and Settings\eeugene\.m2\repository\org\springframework\spring-core\2.0.6\spring-core-2.0.6.jar;C:\Documents and Settings\eeugene\.m2\repository\org\springframework\spring-context\2.0.6\spring-context-2.0.6.jar;C:\Documents and Settings\eeugene\.m2\repository\aopalliance\aopalliance\1.0\aopalliance-1.0.jar;C:\Documents and Settings\eeugene\.m2\repository\org\springframework\spring-dao\2.0.6\spring-dao-2.0.6.jar;C:\Documents and Settings\eeugene\.m2\repository\org\openid4java\openid4java-consumer-SampleConsumer\0.9.5\openid4java-consumer-SampleConsumer-0.9.5.jar;C:\Documents and Settings\eeugene\.m2\repository\org\openid4java\openid4java-server-SampleServer\0.9.5\openid4java-server-SampleServer-0.9.5.jar;C:\Documents and Settings\eeugene\.m2\repository\org\openid4java\openid4java-infocard\0.9.5\openid4java-infocard-0.9.5.jar;C:\Documents and Settings\eeugene\.m2\repository\org\apache\ws\commons\axiom\axiom-api\1.2.5\axiom-api-1.2.5.jar;C:\Documents and Settings\eeugene\.m2\repository\javax\mail\mail\1.4\mail-1.4.jar;C:\Documents and Settings\eeugene\.m2\repository\javax\activation\activation\1.1\activation-1.1.jar;C:\Documents and Settings\eeugene\.m2\repository\jaxen\jaxen\1.1-beta-9\jaxen-1.1-beta-9.jar;C:\Documents and Settings\eeugene\.m2\repository\stax\stax-api\1.0.1\stax-api-1.0.1.jar;C:\Documents and Settings\eeugene\.m2\repository\org\eclipse\higgins\higgins-configuration-api\SNAPSHOT\higgins-configuration-api-SNAPSHOT.jar;C:\Documents and Settings\eeugene\.m2\repository\org\eclipse\higgins\higgins-sts-api\SNAPSHOT\higgins-sts-api-SNAPSHOT.jar;C:\Documents and Settings\eeugene\.m2\repository\org\eclipse\higgins\higgins-sts-common\SNAPSHOT\higgins-sts-common-SNAPSHOT.jar;C:\Documents and Settings\eeugene\.m2\repository\xml-security\xmlsec\1.3.0\xmlsec-1.3.0.jar;C:\Documents and Settings\eeugene\.m2\repository\org\eclipse\higgins\higgins-sts-server-token-handler\SNAPSHOT\higgins-sts-server-token-handler-SNAPSHOT.jar;C:\Documents and Settings\eeugene\.m2\repository\org\eclipse\higgins\higgins-sts-spi\SNAPSHOT\higgins-sts-spi-SNAPSHOT.jar;C:\Documents and Settings\eeugene\.m2\repository\org\openid4java\openid4java-xri\0.9.5\openid4java-xri-0.9.5.jar;C:\Documents and Settings\eeugene\.m2\repository\org\openxri\openxri-syntax\1.2.0\openxri-syntax-1.2.0.jar;C:\Documents and Settings\eeugene\.m2\repository\com\ibm\icu\icu4j\3.4.4\icu4j-3.4.4.jar;C:\Documents and Settings\eeugene\.m2\repository\org\slf4j\slf4j-jcl\1.0.1\slf4j-jcl-1.0.1.jar;C:\Documents and Settings\eeugene\.m2\repository\org\openxri\openxri-client\1.2.0\openxri-client-1.2.0.jar;C:\Documents and Settings\eeugene\.m2\repository\jug\jug\1.1.2\jug-1.1.2.jar;C:\Documents and Settings\eeugene\.m2\repository\xalan\xalan\2.7.0\xalan-2.7.0.jar;C:\Documents and Settings\eeugene\.m2\repository\joda-time\joda-time\1.6\joda-time-1.6.jar;C:\Documents and Settings\eeugene\.m2\repository\org\slf4j\slf4j-log4j12\1.5.10\slf4j-log4j12-1.5.10.jar;C:\Documents and Settings\eeugene\.m2\repository\log4j\log4j\1.2.14\log4j-1.2.14.jar;C:\Documents and Settings\eeugene\.m2\repository\org\jasypt\jasypt\1.3.1\jasypt-1.3.1.jar;C:\Documents and Settings\eeugene\.m2\repository\commons-lang\commons-lang\2.1\commons-lang-2.1.jar;C:\Documents and Settings\eeugene\.m2\repository\org\datanucleus\datanucleus-jpa\1.1.5\datanucleus-jpa-1.1.5.jar;C:\Documents and Settings\eeugene\.m2\repository\org\apache\geronimo\specs\geronimo-jpa_3.0_spec\1.1.1\geronimo-jpa_3.0_spec-1.1.1.jar;C:\Documents and Settings\eeugene\.m2\repository\org\apache\wicket\wicket-extensions\1.4.0\wicket-extensions-1.4.0.jar;C:\Documents and Settings\eeugene\.m2\repository\org\datanucleus\datanucleus-core\1.1.5\datanucleus-core-1.1.5.jar;C:\Documents and Settings\eeugene\.m2\repository\javax\transaction\transaction-api\1.1\transaction-api-1.1.jar;C:\Documents and Settings\eeugene\.m2\repository\javax\jdo\jdo2-api\2.3-eb\jdo2-api-2.3-eb.jar;C:\Documents and Settings\eeugene\.m2\repository\com\google\appengine\orm\datanucleus-appengine\1.0.5\datanucleus-appengine-1.0.5.jar;C:\Documents and Settings\eeugene\.m2\repository\org\apache\geronimo\specs\geronimo-jta_1.1_spec\1.1.1\geronimo-jta_1.1_spec-1.1.1.jar;C:\Documents and Settings\eeugene\.m2\repository\asm\asm\3.1\asm-3.1.jar;C:\Documents and Settings\eeugene\.m2\repository\org\datanucleus\datanucleus-enhancer\1.1.4\datanucleus-enhancer-1.1.4.jar;C:\Documents and Settings\eeugene\.m2\repository\org\apache\wicket\wicket-datetime\1.4.7\wicket-datetime-1.4.7.jar;C:\Documents and Settings\eeugene\.m2\repository\org\apache\geronimo\specs\geronimo-jpa_3.0_spec\1.1.1\geronimo-jpa_3.0_spec-1.1.1-sources.jar;C:\Documents and Settings\eeugene\.m2\repository\junit\junit\4.8.1\junit-4.8.1.jar;"/>
    <property name="java.vm.specification.version" value="1.0"/>
    <property name="sun.arch.data.model" value="32"/>
    <property name="java.home" value="C:\Program Files\Java\jdk1.6.0_11\jre"/>
    <property name="java.specification.vendor" value="Sun Microsystems Inc."/>
    <property name="user.language" value="fr"/>
    <property name="awt.toolkit" value="sun.awt.windows.WToolkit"/>
    <property name="java.vm.info" value="mixed mode, sharing"/>
    <property name="java.version" value="1.6.0_11"/>
    <property name="java.ext.dirs" value="C:\Program Files\Java\jdk1.6.0_11\jre\lib\ext;C:\WINDOWS\Sun\Java\lib\ext"/>
    <property name="sun.boot.class.path" value="C:\Program Files\Java\jdk1.6.0_11\jre\lib\resources.jar;C:\Program Files\Java\jdk1.6.0_11\jre\lib\rt.jar;C:\Program Files\Java\jdk1.6.0_11\jre\lib\sunrsasign.jar;C:\Program Files\Java\jdk1.6.0_11\jre\lib\jsse.jar;C:\Program Files\Java\jdk1.6.0_11\jre\lib\jce.jar;C:\Program Files\Java\jdk1.6.0_11\jre\lib\charsets.jar;C:\Program Files\Java\jdk1.6.0_11\jre\classes"/>
    <property name="java.vendor" value="Sun Microsystems Inc."/>
    <property name="localRepository" value="C:\Documents and Settings\eeugene\.m2\repository"/>
    <property name="file.separator" value="\"/>
    <property name="java.vendor.url.bug" value="http://java.sun.com/cgi-bin/bugreport.cgi"/>
    <property name="sun.cpu.endian" value="little"/>
    <property name="sun.io.unicode.encoding" value="UnicodeLittle"/>
    <property name="sun.desktop" value="windows"/>
    <property name="sun.cpu.isalist" value="pentium_pro+mmx pentium_pro pentium+mmx pentium i486 i386 i86"/>
  </properties>
  <testcase time="0.016" classname="com.badbuxtour.test.datastore.LocalDatastoreTest" name="testInsert1"/>
  <testcase time="0" classname="com.badbuxtour.test.datastore.LocalDatastoreTest" name="testInsert2"/>
</testsuite>